<b>Final Result :</b> FAILED<BR/><BR/>
<b>TE integration testing - </b>2017/05/23 17:31:49 <BR/><b>URL :</b> http://cite.opengeospatial.org/te2/<BR/> <BR/><b>TE version :</b> TEAM Engine 4.10 <BR/><b>Default build :</b> SUCCESS <BR/><b>User can be created and logins :</b> SUCCESS<BR/> <BR/><b>Target Platform :</b> <BR /> <BR /> &nbsp;&nbsp;&nbsp;&nbsp; <b> OS : </b> <BR /> &nbsp;&nbsp;&nbsp;&nbsp;&nbsp;&nbsp;&nbsp;&nbsp;&nbsp;&nbsp; NAME="Ubuntu" <BR /> &nbsp;&nbsp;&nbsp;&nbsp;&nbsp;&nbsp;&nbsp;&nbsp;&nbsp;&nbsp; VERSION="14.04, Trusty <BR /> <BR /> &nbsp;&nbsp;&nbsp;&nbsp; <b> JAVA : </b> <BR /> &nbsp;&nbsp;&nbsp;&nbsp;&nbsp;&nbsp;&nbsp;&nbsp;&nbsp;&nbsp;&nbsp;&nbsp;&nbsp; java version "1.8.0_131" <BR /> &nbsp;&nbsp;&nbsp;&nbsp;&nbsp;&nbsp;&nbsp;&nbsp;&nbsp;&nbsp;&nbsp;&nbsp;&nbsp; Java(TM) SE Runtime Environment (build 1.8.0_131-b11) <BR /> &nbsp;&nbsp;&nbsp;&nbsp;&nbsp;&nbsp;&nbsp;&nbsp;&nbsp;&nbsp;&nbsp;&nbsp;&nbsp; Java HotSpot(TM) 64-Bit Server VM (build 25.131-b11, mixed mode) <BR /> <BR/><b>Test Name :</b> CSW 2.0.2 revision 1.17-SNAPSHOT <BR/><b>Test can be run :</b> FAILED <BR/><b>Test run finishes successfully :</b> FAILED<BR/> <BR/><b>Test Name :</b> GML 3.2.1 revision 1.25 <BR/><b>Test can be run :</b> SUCCESS <BR/><b>Test run finishes successfully :</b> SUCCESS<BR/> <b>Test completed as expected (PASSED) :</b> SUCCESS<BR/> <BR/><b>Test Name :</b> GML 3.2.1 revision 1.25 <BR/><b>Test can be run :</b> SUCCESS <BR/><b>Test run finishes successfully :</b> SUCCESS<BR/> <BR/><b>Test Name :</b> kml22 2.2 revision 1.13-SNAPSHOT <BR/><b>Test can be run :</b> FAILED <BR/><b>Test run finishes successfully :</b> FAILED<BR/> <b>Test completed as expected (PASSED) :</b> FAILED<BR/> <BR/><b>Test Name :</b> SOS 1.0.0 revision r1.14-SNAPSHOT <BR/><b>Test can be run :</b> FAILED <BR/><b>Test run finishes successfully :</b> FAILED<BR/> <BR/><b>Test Name :</b> WFS 2.0 revision 1.27-SNAPSHOT <BR/><b>Test can be run :</b> FAILED <BR/><b>Test run finishes successfully :</b> FAILED<BR/> <BR/><b>Test Name :</b> WMS 1.3.0 revision 1.22-SNAPSHOT <BR/><b>Test can be run :</b> FAILED <BR/><b>Test run finishes successfully :</b> FAILED<BR/> <BR />--------------- REST API Testing ----------- <BR /> <BR/><b>REST Test Name :</b> <BR/><b>REST Test run finishes successfully :</b> SUCCESS<BR/> <BR/><b>REST Test Name :</b> <BR/><b>REST Test run finishes successfully :</b> SUCCESS<BR/> <b>Test completed as expected (FAIL) :</b> FAILED<BR/> <BR/><b>Following is the Result :</b> <BR/> <pre> </pre>
